Using username "rafael".
rafael@192.168.0.21's password:
Welcome to Ubuntu 20.04.2 LTS (GNU/Linux 5.8.0-59-generic x86_64)

 * Documentation:  https://help.ubuntu.com
 * Management:     https://landscape.canonical.com
 * Support:        https://ubuntu.com/advantage

3 updates can be applied immediately.
Para ver as actualizações adicionais corre o comando: apt list --upgradable

Your Hardware Enablement Stack (HWE) is supported until April 2025.
Last login: Sun Jun 27 10:04:12 2021 from 192.168.0.10
rafael@Niflheim:~$ cd /etc/ansible/playbook/
rafael@Niflheim:/etc/ansible/playbook$ cat iis.yml
---

- hosts: ec2-18-207-237-149.compute-1.amazonaws.com
  vars:
    ansible_user: Administrator
    ansible_password: Password01
    ansible_connection: winrm
    ansible_winrm_transport: basic
    ansible_port: 5986
    ansible_winrm_server_cert_validation: ignore

  tasks:
  - name: "Install IIS Web-Server"
    win_feature:
      name: Web-Server
      state: present
      restart: True
      include_sub_features: True
      include_management_tools: True

rafael@Niflheim:/etc/ansible/playbook$ ansible-playbook iis.yml

PLAY [ec2-18-207-237-149.compute-1.amazonaws.com] ******************************

TASK [Gathering Facts] *********************************************************
ok: [ec2-18-207-237-149.compute-1.amazonaws.com]

TASK [Install IIS Web-Server] **************************************************
changed: [ec2-18-207-237-149.compute-1.amazonaws.com]

PLAY RECAP *********************************************************************
ec2-18-207-237-149.compute-1.amazonaws.com : ok=2    changed=1    unreachable=0    failed=0    skipped=0    rescued=0    ignored=0

rafael@Niflheim:/etc/ansible/playbook$
